<?xml version="1.0" encoding="UTF-8"?>
<robot generator="Robot 4.0.1 (Python 3.9.4 on win32)" generated="20210428 23:20:51.926" rpa="false" schemaversion="2">
<suite id="s1" name="AQMS" source="C:\Users\Younten Tshering\Documents\GitHub\SDQI2021_G1\AQMS\AQMS.robot">
<test id="s1-t1" name="1. Open Website">
<kw name="Open Browser" library="Selenium2Library">
<arg>${url}</arg>
<arg>${Browser}</arg>
<arg>options=add_experimental_option("excludeSwitches", ["enable-logging"])</arg>
<doc>Opens a new browser instance to the optional ``url``.</doc>
<msg timestamp="20210428 23:20:52.188" level="INFO">Opening browser 'chrome' to base url 'http://localhost:8080'.</msg>
<status status="PASS" starttime="20210428 23:20:52.187" endtime="20210428 23:20:53.789"/>
</kw>
<kw name="Maximize Browser Window" library="Selenium2Library">
<doc>Maximizes current browser window.</doc>
<status status="PASS" starttime="20210428 23:20:53.790" endtime="20210428 23:20:53.931"/>
</kw>
<kw name="Set Selenium Speed" library="Selenium2Library">
<arg>0.5</arg>
<doc>Sets the delay that is waited after each Selenium command.</doc>
<status status="PASS" starttime="20210428 23:20:53.932" endtime="20210428 23:20:53.934"/>
</kw>
<status status="PASS" starttime="20210428 23:20:52.186" endtime="20210428 23:20:53.934"/>
</test>
<test id="s1-t2" name="2. Click on login link">
<kw name="Click Link" library="Selenium2Library">
<arg>//a[contains(text(),'Login')]</arg>
<doc>Clicks a link identified by ``locator``.</doc>
<msg timestamp="20210428 23:20:53.938" level="INFO">Clicking link '//a[contains(text(),'Login')]'.</msg>
<status status="PASS" starttime="20210428 23:20:53.937" endtime="20210428 23:20:55.619"/>
</kw>
<status status="PASS" starttime="20210428 23:20:53.936" endtime="20210428 23:20:55.620"/>
</test>
<test id="s1-t3" name="3. Input username and password">
<kw name="Input Text" library="Selenium2Library">
<arg>name=username</arg>
<arg>admin</arg>
<doc>Types the given ``text`` into the text field identified by ``locator``.</doc>
<msg timestamp="20210428 23:20:55.623" level="INFO">Typing text 'admin' into text field 'name=username'.</msg>
<status status="PASS" starttime="20210428 23:20:55.623" endtime="20210428 23:20:57.233"/>
</kw>
<kw name="Input Text" library="Selenium2Library">
<arg>name=password</arg>
<arg>admin</arg>
<doc>Types the given ``text`` into the text field identified by ``locator``.</doc>
<msg timestamp="20210428 23:20:57.234" level="INFO">Typing text 'admin' into text field 'name=password'.</msg>
<status status="PASS" starttime="20210428 23:20:57.234" endtime="20210428 23:20:58.857"/>
</kw>
<status status="PASS" starttime="20210428 23:20:55.622" endtime="20210428 23:20:58.858"/>
</test>
<test id="s1-t4" name="4. Login">
<kw name="Click Button" library="Selenium2Library">
<arg>name=submit</arg>
<doc>Clicks the button identified by ``locator``.</doc>
<msg timestamp="20210428 23:20:58.862" level="INFO">Clicking button 'name=submit'.</msg>
<status status="PASS" starttime="20210428 23:20:58.861" endtime="20210428 23:21:01.985"/>
</kw>
<status status="PASS" starttime="20210428 23:20:58.860" endtime="20210428 23:21:01.986"/>
</test>
<test id="s1-t5" name="5. Check page info">
<kw name="Click Link" library="Selenium2Library">
<arg>//a[contains(text(),'Sensors')]</arg>
<doc>Clicks a link identified by ``locator``.</doc>
<msg timestamp="20210428 23:21:01.993" level="INFO">Clicking link '//a[contains(text(),'Sensors')]'.</msg>
<status status="PASS" starttime="20210428 23:21:01.992" endtime="20210428 23:21:03.808"/>
</kw>
<status status="PASS" starttime="20210428 23:21:01.990" endtime="20210428 23:21:03.809"/>
</test>
<test id="s1-t6" name="6. Start and Stop service">
<kw name="Click Button" library="Selenium2Library">
<arg>name=Stop</arg>
<doc>Clicks the button identified by ``locator``.</doc>
<msg timestamp="20210428 23:21:03.815" level="INFO">Clicking button 'name=Stop'.</msg>
<status status="PASS" starttime="20210428 23:21:03.814" endtime="20210428 23:21:05.538"/>
</kw>
<kw name="Click Button" library="Selenium2Library">
<arg>name=Start</arg>
<doc>Clicks the button identified by ``locator``.</doc>
<msg timestamp="20210428 23:21:05.541" level="INFO">Clicking button 'name=Start'.</msg>
<status status="PASS" starttime="20210428 23:21:05.540" endtime="20210428 23:21:07.349"/>
</kw>
<kw name="Click Link" library="Selenium2Library">
<arg>//a[contains(text(),'Map View')]</arg>
<doc>Clicks a link identified by ``locator``.</doc>
<msg timestamp="20210428 23:21:07.351" level="INFO">Clicking link '//a[contains(text(),'Map View')]'.</msg>
<status status="PASS" starttime="20210428 23:21:07.351" endtime="20210428 23:21:08.959"/>
</kw>
<status status="PASS" starttime="20210428 23:21:03.813" endtime="20210428 23:21:08.960"/>
</test>
<test id="s1-t7" name="7. Logout">
<kw name="Click Link" library="Selenium2Library">
<arg>//a[contains(text(),'Logout')]</arg>
<doc>Clicks a link identified by ``locator``.</doc>
<msg timestamp="20210428 23:21:08.967" level="INFO">Clicking link '//a[contains(text(),'Logout')]'.</msg>
<status status="PASS" starttime="20210428 23:21:08.966" endtime="20210428 23:21:10.659"/>
</kw>
<status status="PASS" starttime="20210428 23:21:08.964" endtime="20210428 23:21:10.661"/>
</test>
<test id="s1-t8" name="8. close Browser">
<kw name="Close Browser" library="Selenium2Library">
<doc>Closes the current browser.</doc>
<status status="PASS" starttime="20210428 23:21:10.666" endtime="20210428 23:21:13.269"/>
</kw>
<status status="PASS" starttime="20210428 23:21:10.665" endtime="20210428 23:21:13.270"/>
</test>
<status status="PASS" starttime="20210428 23:20:51.928" endtime="20210428 23:21:13.275"/>
</suite>
<statistics>
<total>
<stat pass="8" fail="0" skip="0">All Tests</stat>
</total>
<tag>
</tag>
<suite>
<stat pass="8" fail="0" skip="0" id="s1" name="AQMS">AQMS</stat>
</suite>
</statistics>
<errors>
</errors>
</robot>
