<?xml version="1.0" encoding="UTF-8"?>
<robot generator="Robot 4.0.1 (Python 3.9.4 on win32)" generated="20210430 21:51:02.491" rpa="false" schemaversion="2">
<suite id="s1" name="ContentTestAdmin" source="C:\Users\Younten Tshering\Documents\GitHub\SDQI2021_G1\AQMS\ContentTestAdmin.robot">
<test id="s1-t1" name="1. Open Website">
<kw name="Open Browser" library="Selenium2Library">
<arg>${url}</arg>
<arg>${Browser}</arg>
<arg>options=add_experimental_option("excludeSwitches", ["enable-logging"])</arg>
<doc>Opens a new browser instance to the optional ``url``.</doc>
<msg timestamp="20210430 21:51:02.657" level="INFO">Opening browser 'chrome' to base url 'http://localhost:8080'.</msg>
<status status="PASS" starttime="20210430 21:51:02.656" endtime="20210430 21:51:04.251"/>
</kw>
<kw name="Maximize Browser Window" library="Selenium2Library">
<doc>Maximizes current browser window.</doc>
<status status="PASS" starttime="20210430 21:51:04.251" endtime="20210430 21:51:04.366"/>
</kw>
<kw name="Set Selenium Speed" library="Selenium2Library">
<arg>1.9</arg>
<doc>Sets the delay that is waited after each Selenium command.</doc>
<status status="PASS" starttime="20210430 21:51:04.367" endtime="20210430 21:51:04.367"/>
</kw>
<status status="PASS" starttime="20210430 21:51:02.645" endtime="20210430 21:51:04.367"/>
</test>
<test id="s1-t2" name="2. Click on login link">
<kw name="Click Link" library="Selenium2Library">
<arg>//a[contains(text(),'Login')]</arg>
<doc>Clicks a link identified by ``locator``.</doc>
<msg timestamp="20210430 21:51:04.368" level="INFO">Clicking link '//a[contains(text(),'Login')]'.</msg>
<status status="PASS" starttime="20210430 21:51:04.368" endtime="20210430 21:51:10.422"/>
</kw>
<status status="PASS" starttime="20210430 21:51:04.368" endtime="20210430 21:51:10.422"/>
</test>
<test id="s1-t3" name="3. Input username and password">
<kw name="Input Text" library="Selenium2Library">
<arg>name=username</arg>
<arg>admin</arg>
<doc>Types the given ``text`` into the text field identified by ``locator``.</doc>
<msg timestamp="20210430 21:51:10.424" level="INFO">Typing text 'admin' into text field 'name=username'.</msg>
<status status="PASS" starttime="20210430 21:51:10.424" endtime="20210430 21:51:16.218"/>
</kw>
<kw name="Input Text" library="Selenium2Library">
<arg>name=password</arg>
<arg>admin</arg>
<doc>Types the given ``text`` into the text field identified by ``locator``.</doc>
<msg timestamp="20210430 21:51:16.218" level="INFO">Typing text 'admin' into text field 'name=password'.</msg>
<status status="PASS" starttime="20210430 21:51:16.218" endtime="20210430 21:51:22.063"/>
</kw>
<status status="PASS" starttime="20210430 21:51:10.423" endtime="20210430 21:51:22.063"/>
</test>
<test id="s1-t4" name="4. Login">
<kw name="Click Button" library="Selenium2Library">
<arg>name=submit</arg>
<doc>Clicks the button identified by ``locator``.</doc>
<msg timestamp="20210430 21:51:22.071" level="INFO">Clicking button 'name=submit'.</msg>
<status status="PASS" starttime="20210430 21:51:22.070" endtime="20210430 21:51:32.047"/>
</kw>
<status status="PASS" starttime="20210430 21:51:22.068" endtime="20210430 21:51:32.047"/>
</test>
<test id="s1-t5" name="5. Check the visualization content">
<kw name="Get WebElement" library="Selenium2Library">
<var>${webelement}</var>
<arg>viz1619640384500</arg>
<doc>Returns the first WebElement matching the given ``locator``.</doc>
<msg timestamp="20210430 21:51:33.977" level="INFO">${webelement} = &lt;selenium.webdriver.remote.webelement.WebElement (session="ab9285495f04b34d2edd5e99cfbff2c1", element="f255d18f-9970-4654-b5d3-c1c89d2a3ff2")&gt;</msg>
<status status="PASS" starttime="20210430 21:51:32.051" endtime="20210430 21:51:33.977"/>
</kw>
<kw name="Call Method" library="BuiltIn">
<var>${tableauPlaceholder}</var>
<arg>${webelement}</arg>
<arg>get_attribute</arg>
<arg>tableauPlaceholder</arg>
<doc>Calls the named method of the given object with the provided arguments.</doc>
<msg timestamp="20210430 21:51:35.899" level="INFO">${tableauPlaceholder} = None</msg>
<status status="PASS" starttime="20210430 21:51:33.978" endtime="20210430 21:51:35.899"/>
</kw>
<status status="PASS" starttime="20210430 21:51:32.050" endtime="20210430 21:51:35.899"/>
</test>
<test id="s1-t6" name="6. Logout">
<kw name="Click Link" library="Selenium2Library">
<arg>//a[contains(text(),'Logout')]</arg>
<doc>Clicks a link identified by ``locator``.</doc>
<msg timestamp="20210430 21:51:35.903" level="INFO">Clicking link '//a[contains(text(),'Logout')]'.</msg>
<status status="PASS" starttime="20210430 21:51:35.903" endtime="20210430 21:51:41.748"/>
</kw>
<status status="PASS" starttime="20210430 21:51:35.903" endtime="20210430 21:51:41.749"/>
</test>
<status status="PASS" starttime="20210430 21:51:02.491" endtime="20210430 21:51:41.751"/>
</suite>
<statistics>
<total>
<stat pass="6" fail="0" skip="0">All Tests</stat>
</total>
<tag>
</tag>
<suite>
<stat pass="6" fail="0" skip="0" id="s1" name="ContentTestAdmin">ContentTestAdmin</stat>
</suite>
</statistics>
<errors>
</errors>
</robot>
