<?xml version="1.0" encoding="UTF-8"?>
<robot generator="Robot 4.0.1 (Python 3.9.4 on win32)" generated="20210430 20:56:10.874" rpa="false" schemaversion="2">
<suite id="s1" name="AQMS" source="C:\Users\Younten Tshering\Documents\GitHub\SDQI2021_G1\AQMS\AQMS.robot">
<test id="s1-t1" name="1. Open Website">
<kw name="Open Browser" library="Selenium2Library">
<arg>${url}</arg>
<arg>${Browser}</arg>
<arg>options=add_experimental_option("excludeSwitches", ["enable-logging"])</arg>
<doc>Opens a new browser instance to the optional ``url``.</doc>
<msg timestamp="20210430 20:56:11.147" level="INFO">Opening browser 'chrome' to base url 'http://localhost:8080'.</msg>
<status status="PASS" starttime="20210430 20:56:11.147" endtime="20210430 20:56:12.801"/>
</kw>
<kw name="Maximize Browser Window" library="Selenium2Library">
<doc>Maximizes current browser window.</doc>
<status status="PASS" starttime="20210430 20:56:12.801" endtime="20210430 20:56:12.920"/>
</kw>
<kw name="Set Selenium Speed" library="Selenium2Library">
<arg>0.5</arg>
<doc>Sets the delay that is waited after each Selenium command.</doc>
<status status="PASS" starttime="20210430 20:56:12.921" endtime="20210430 20:56:12.921"/>
</kw>
<status status="PASS" starttime="20210430 20:56:11.140" endtime="20210430 20:56:12.922"/>
</test>
<test id="s1-t2" name="2. Click on login link">
<kw name="Click Link" library="Selenium2Library">
<arg>//a[contains(text(),'Login')]</arg>
<doc>Clicks a link identified by ``locator``.</doc>
<msg timestamp="20210430 20:56:12.924" level="INFO">Clicking link '//a[contains(text(),'Login')]'.</msg>
<status status="PASS" starttime="20210430 20:56:12.923" endtime="20210430 20:56:14.542"/>
</kw>
<status status="PASS" starttime="20210430 20:56:12.923" endtime="20210430 20:56:14.542"/>
</test>
<test id="s1-t3" name="3. Input username and password">
<kw name="Input Text" library="Selenium2Library">
<arg>name=username</arg>
<arg>admin</arg>
<doc>Types the given ``text`` into the text field identified by ``locator``.</doc>
<msg timestamp="20210430 20:56:14.547" level="INFO">Typing text 'admin' into text field 'name=username'.</msg>
<status status="PASS" starttime="20210430 20:56:14.547" endtime="20210430 20:56:16.191"/>
</kw>
<kw name="Input Text" library="Selenium2Library">
<arg>name=password</arg>
<arg>admin</arg>
<doc>Types the given ``text`` into the text field identified by ``locator``.</doc>
<msg timestamp="20210430 20:56:16.191" level="INFO">Typing text 'admin' into text field 'name=password'.</msg>
<status status="PASS" starttime="20210430 20:56:16.191" endtime="20210430 20:56:17.781"/>
</kw>
<status status="PASS" starttime="20210430 20:56:14.547" endtime="20210430 20:56:17.781"/>
</test>
<test id="s1-t4" name="4. Login">
<kw name="Click Button" library="Selenium2Library">
<arg>name=submit</arg>
<doc>Clicks the button identified by ``locator``.</doc>
<msg timestamp="20210430 20:56:17.784" level="INFO">Clicking button 'name=submit'.</msg>
<status status="PASS" starttime="20210430 20:56:17.784" endtime="20210430 20:56:21.092"/>
</kw>
<status status="PASS" starttime="20210430 20:56:17.783" endtime="20210430 20:56:21.094"/>
</test>
<test id="s1-t5" name="5. Check page info">
<kw name="Click Link" library="Selenium2Library">
<arg>//a[contains(text(),'Sensors')]</arg>
<doc>Clicks a link identified by ``locator``.</doc>
<msg timestamp="20210430 20:56:21.099" level="INFO">Clicking link '//a[contains(text(),'Sensors')]'.</msg>
<status status="PASS" starttime="20210430 20:56:21.098" endtime="20210430 20:56:22.668"/>
</kw>
<status status="PASS" starttime="20210430 20:56:21.097" endtime="20210430 20:56:22.669"/>
</test>
<test id="s1-t6" name="6. Start and Stop service">
<kw name="Click Button" library="Selenium2Library">
<arg>name=Stop</arg>
<doc>Clicks the button identified by ``locator``.</doc>
<msg timestamp="20210430 20:56:22.671" level="INFO">Clicking button 'name=Stop'.</msg>
<status status="PASS" starttime="20210430 20:56:22.671" endtime="20210430 20:56:24.323"/>
</kw>
<kw name="Click Button" library="Selenium2Library">
<arg>name=Start</arg>
<doc>Clicks the button identified by ``locator``.</doc>
<msg timestamp="20210430 20:56:24.323" level="INFO">Clicking button 'name=Start'.</msg>
<status status="PASS" starttime="20210430 20:56:24.323" endtime="20210430 20:56:25.990"/>
</kw>
<kw name="Click Link" library="Selenium2Library">
<arg>//a[contains(text(),'Map View')]</arg>
<doc>Clicks a link identified by ``locator``.</doc>
<msg timestamp="20210430 20:56:25.990" level="INFO">Clicking link '//a[contains(text(),'Map View')]'.</msg>
<status status="PASS" starttime="20210430 20:56:25.990" endtime="20210430 20:56:27.578"/>
</kw>
<status status="PASS" starttime="20210430 20:56:22.670" endtime="20210430 20:56:27.578"/>
</test>
<test id="s1-t7" name="7. Logout">
<kw name="Click Link" library="Selenium2Library">
<arg>//a[contains(text(),'Logout')]</arg>
<doc>Clicks a link identified by ``locator``.</doc>
<msg timestamp="20210430 20:56:27.582" level="INFO">Clicking link '//a[contains(text(),'Logout')]'.</msg>
<status status="PASS" starttime="20210430 20:56:27.582" endtime="20210430 20:56:29.170"/>
</kw>
<status status="PASS" starttime="20210430 20:56:27.580" endtime="20210430 20:56:29.172"/>
</test>
<test id="s1-t8" name="8. close Browser">
<kw name="Close Browser" library="Selenium2Library">
<doc>Closes the current browser.</doc>
<status status="PASS" starttime="20210430 20:56:29.176" endtime="20210430 20:56:31.755"/>
</kw>
<status status="PASS" starttime="20210430 20:56:29.175" endtime="20210430 20:56:31.755"/>
</test>
<status status="PASS" starttime="20210430 20:56:10.874" endtime="20210430 20:56:31.763"/>
</suite>
<statistics>
<total>
<stat pass="8" fail="0" skip="0">All Tests</stat>
</total>
<tag>
</tag>
<suite>
<stat pass="8" fail="0" skip="0" id="s1" name="AQMS">AQMS</stat>
</suite>
</statistics>
<errors>
</errors>
</robot>
