<?xml version="1.0" encoding="UTF-8"?>
<robot generator="Robot 4.0.1 (Python 3.9.4 on win32)" generated="20210421 21:31:22.506" rpa="false" schemaversion="2">
<suite id="s1" name="Sdqi" source="C:\Users\Younten Tshering\Documents\GitHub\SDQI2021_G1\AQMS\sdqi.robot">
<test id="s1-t1" name="1. Open Website">
<kw name="Open Browser" library="Selenium2Library">
<arg>${url}</arg>
<arg>${Browser}</arg>
<arg>options=add_experimental_option("excludeSwitches", ["enable-logging"])</arg>
<doc>Opens a new browser instance to the optional ``url``.</doc>
<msg timestamp="20210421 21:31:22.719" level="INFO">Opening browser 'chrome' to base url 'http://lmwebmap.gisserv.com'.</msg>
<status status="PASS" starttime="20210421 21:31:22.719" endtime="20210421 21:31:25.381"/>
</kw>
<kw name="Maximize Browser Window" library="Selenium2Library">
<doc>Maximizes current browser window.</doc>
<status status="PASS" starttime="20210421 21:31:25.382" endtime="20210421 21:31:25.517"/>
</kw>
<kw name="Set Selenium Speed" library="Selenium2Library">
<arg>0.3</arg>
<doc>Sets the delay that is waited after each Selenium command.</doc>
<status status="PASS" starttime="20210421 21:31:25.518" endtime="20210421 21:31:25.518"/>
</kw>
<status status="PASS" starttime="20210421 21:31:22.718" endtime="20210421 21:31:25.518"/>
</test>
<test id="s1-t2" name="2. Input username and password">
<kw name="Input Text" library="Selenium2Library">
<arg>name=usernameTextBox</arg>
<arg>tester</arg>
<doc>Types the given ``text`` into the text field identified by ``locator``.</doc>
<msg timestamp="20210421 21:31:25.522" level="INFO">Typing text 'tester' into text field 'name=usernameTextBox'.</msg>
<status status="PASS" starttime="20210421 21:31:25.522" endtime="20210421 21:31:26.554"/>
</kw>
<kw name="Input Text" library="Selenium2Library">
<arg>name=passwordTextBox</arg>
<arg>tester</arg>
<doc>Types the given ``text`` into the text field identified by ``locator``.</doc>
<msg timestamp="20210421 21:31:26.556" level="INFO">Typing text 'tester' into text field 'name=passwordTextBox'.</msg>
<status status="PASS" starttime="20210421 21:31:26.555" endtime="20210421 21:31:27.582"/>
</kw>
<status status="PASS" starttime="20210421 21:31:25.521" endtime="20210421 21:31:27.583"/>
</test>
<test id="s1-t3" name="3. Login">
<kw name="Click Button" library="Selenium2Library">
<arg>name=submitButton</arg>
<doc>Clicks the button identified by ``locator``.</doc>
<msg timestamp="20210421 21:31:27.586" level="INFO">Clicking button 'name=submitButton'.</msg>
<status status="PASS" starttime="20210421 21:31:27.586" endtime="20210421 21:31:36.849"/>
</kw>
<status status="PASS" starttime="20210421 21:31:27.585" endtime="20210421 21:31:36.850"/>
</test>
<test id="s1-t4" name="4. Check page info">
<kw name="Click Link" library="Selenium2Library">
<arg>xpath=(//a[@href="#"])[2]</arg>
<doc>Clicks a link identified by ``locator``.</doc>
<msg timestamp="20210421 21:31:36.853" level="INFO">Clicking link 'xpath=(//a[@href="#"])[2]'.</msg>
<status status="PASS" starttime="20210421 21:31:36.852" endtime="20210421 21:31:43.763"/>
</kw>
<kw name="Get Text" library="Selenium2Library">
<var>${result}</var>
<arg>xpath=(//div)[8]</arg>
<doc>Returns the text value of the element identified by ``locator``.</doc>
<msg timestamp="20210421 21:31:44.425" level="INFO">${result} = </msg>
<status status="PASS" starttime="20210421 21:31:43.764" endtime="20210421 21:31:44.425"/>
</kw>
<kw name="Log To Console" library="BuiltIn">
<arg>${result}</arg>
<doc>Logs the given message to the console.</doc>
<status status="PASS" starttime="20210421 21:31:44.427" endtime="20210421 21:31:44.428"/>
</kw>
<kw name="Should Contain" library="BuiltIn">
<arg>${result}</arg>
<arg>${expect}</arg>
<doc>Fails if ``container`` does not contain ``item`` one or more times.</doc>
<msg timestamp="20210421 21:31:44.431" level="FAIL">'' does not contain 'LocationMind'</msg>
<status status="FAIL" starttime="20210421 21:31:44.430" endtime="20210421 21:31:44.431"/>
</kw>
<status status="FAIL" starttime="20210421 21:31:36.852" endtime="20210421 21:31:44.433">'' does not contain 'LocationMind'</status>
</test>
<test id="s1-t5" name="5. close Browser">
<kw name="Close Browser" library="Selenium2Library">
<doc>Closes the current browser.</doc>
<status status="PASS" starttime="20210421 21:31:44.439" endtime="20210421 21:31:46.858"/>
</kw>
<status status="PASS" starttime="20210421 21:31:44.437" endtime="20210421 21:31:46.859"/>
</test>
<status status="FAIL" starttime="20210421 21:31:22.508" endtime="20210421 21:31:46.861"/>
</suite>
<statistics>
<total>
<stat pass="4" fail="1" skip="0">All Tests</stat>
</total>
<tag>
</tag>
<suite>
<stat pass="4" fail="1" skip="0" id="s1" name="Sdqi">Sdqi</stat>
</suite>
</statistics>
<errors>
</errors>
</robot>
